    OpenRGB v0.9
    Commit:  from 
    Launched: 20260405_025932
====================================================================================================

0     |Info:    Found file: 1.orp attempting to validate header
0     |Warning: Profile 1.orp isn't valid for current version (v5, expected v4 at most)
1     |Info:    ------------------------------------------------------
1     |Info:    |               Start device detection               |
1     |Info:    ------------------------------------------------------
2     |Info:    Initializing HID interfaces: Success
6     |Info:    ------------------------------------------------------
6     |Info:    |             Detecting I2C interfaces               |
6     |Info:    ------------------------------------------------------
7     |Info:    Registering I2C interface: /dev/i2c-3 Device 1002:1681 Subsystem: 1043:14C3
7     |Warning: [i2c_smbus_linux] Failed to read i2c device PCI device ID
7     |Info:    Registering I2C interface: /dev/i2c-20 Device 0000:0000 Subsystem: 0000:0000
7     |Info:    Registering I2C interface: /dev/i2c-10 Device 1002:1681 Subsystem: 1043:14C3
7     |Info:    Registering I2C interface: /dev/i2c-1 Device 0000:0000 Subsystem: 0000:0000
7     |Warning: [i2c_smbus_linux] Failed to read i2c device PCI device ID
7     |Info:    Registering I2C interface: /dev/i2c-19 Device 0000:0000 Subsystem: 0000:0000
7     |Info:    Registering I2C interface: /dev/i2c-PS88301F:00 Device 0000:0000 Subsystem: 0000:0000
7     |Info:    Registering I2C interface: /dev/i2c-27 Device 10DE:28E1 Subsystem: 1043:14C3
7     |Warning: [i2c_smbus_linux] Failed to read i2c device PCI device ID
7     |Info:    Registering I2C interface: /dev/i2c-17 Device 0000:0000 Subsystem: 0000:0000
7     |Info:    Registering I2C interface: /dev/i2c-8 Device 1002:1681 Subsystem: 1043:14C3
7     |Info:    Registering I2C interface: /dev/i2c-25 Device 10DE:28E1 Subsystem: 1043:14C3
7     |Warning: [i2c_smbus_linux] Failed to read i2c device PCI device ID
7     |Info:    Registering I2C interface: /dev/i2c-15 Device 0000:0000 Subsystem: 0000:0000
7     |Info:    Registering I2C interface: /dev/i2c-ASUF1204:00 Device 0000:0000 Subsystem: 0000:0000
8     |Info:    Registering I2C interface: /dev/i2c-6 Device 1002:1681 Subsystem: 1043:14C3
8     |Info:    Registering I2C interface: /dev/i2c-23 Device 1022:790B Subsystem: 1043:14C3
8     |Warning: [i2c_smbus_linux] Failed to read i2c device PCI device ID
8     |Info:    Registering I2C interface: /dev/i2c-13 Device 0000:0000 Subsystem: 0000:0000
8     |Info:    Registering I2C interface: /dev/i2c-4 Device 1002:1681 Subsystem: 1043:14C3
8     |Info:    Registering I2C interface: /dev/i2c-21 Device 1022:790B Subsystem: 1043:14C3
8     |Info:    Registering I2C interface: /dev/i2c-11 Device 1002:1681 Subsystem: 1043:14C3
8     |Info:    Registering I2C interface: /dev/i2c-2 Device 0000:0000 Subsystem: 0000:0000
8     |Info:    Registering I2C interface: /dev/i2c-PS883011:00 Device 0000:0000 Subsystem: 0000:0000
8     |Info:    Registering I2C interface: /dev/i2c-0 Device 0000:0000 Subsystem: 0000:0000
8     |Info:    Registering I2C interface: /dev/i2c-ITE5570:00 Device 0000:0000 Subsystem: 0000:0000
8     |Warning: [i2c_smbus_linux] Failed to read i2c device PCI device ID
8     |Info:    Registering I2C interface: /dev/i2c-18 Device 0000:0000 Subsystem: 0000:0000
8     |Info:    Registering I2C interface: /dev/i2c-9 Device 1002:1681 Subsystem: 1043:14C3
9     |Info:    Registering I2C interface: /dev/i2c-26 Device 10DE:28E1 Subsystem: 1043:14C3
9     |Warning: [i2c_smbus_linux] Failed to read i2c device PCI device ID
9     |Info:    Registering I2C interface: /dev/i2c-16 Device 0000:0000 Subsystem: 0000:0000
9     |Info:    Registering I2C interface: /dev/i2c-7 Device 1002:1681 Subsystem: 1043:14C3
9     |Info:    Registering I2C interface: /dev/i2c-PS883021:00 Device 0000:0000 Subsystem: 0000:0000
9     |Info:    Registering I2C interface: /dev/i2c-PS88301A:00 Device 0000:0000 Subsystem: 0000:0000
9     |Info:    Registering I2C interface: /dev/i2c-5 Device 1002:1681 Subsystem: 1043:14C3
9     |Info:    Registering I2C interface: /dev/i2c-PS88300F:00 Device 0000:0000 Subsystem: 0000:0000
9     |Info:    Registering I2C interface: /dev/i2c-PS883008:00 Device 0000:0000 Subsystem: 0000:0000
9     |Info:    ------------------------------------------------------
9     |Info:    |               Detecting I2C devices                |
9     |Info:    ------------------------------------------------------
977   |Info:    ------------------------------------------------------
977   |Info:    |               Detecting I2C PCI devices            |
977   |Info:    ------------------------------------------------------
977   |Info:    ------------------------------------------------------
977   |Info:    |               Detecting HID devices                |
977   |Info:    ------------------------------------------------------
977   |Info:    ------------------------------------------------------
977   |Info:    |            Detecting libusb HID devices            |
977   |Info:    ------------------------------------------------------
986   |Info:    ------------------------------------------------------
986   |Info:    |              Detecting other devices               |
986   |Info:    ------------------------------------------------------
994   |Info:    [ASUS TUF Keyboard] Registering RGB controller
994   |Info:    ------------------------------------------------------
994   |Info:    |                Detection completed                 |
994   |Info:    ------------------------------------------------------
994   |Dialog:  <h2>WARNING:</h2><p>One or more I2C/SMBus interfaces failed to initialize.</p><p>RGB DRAM modules and some motherboards' onboard RGB lighting will not be available without I2C/SMBus.</p><p>On Linux, this is usually because the i2c-dev module is not loaded.  You must load the i2c-dev module along with the correct i2c driver for your motherboard.  This is usually i2c-piix4 for AMD systems and i2c-i801 for Intel systems.</p><p>See <a href='https://help.openrgb.org/'>help.openrgb.org</a> for additional troubleshooting steps if you keep seeing this message.<br></p>
