    OpenRGB v0.9
    Commit:  from 
    Launched: 20260405_021848
====================================================================================================

0     |Info:    Found file: 1.orp attempting to validate header
0     |Warning: Profile 1.orp isn't valid for current version (v5, expected v4 at most)
1002  |Info:    ------------------------------------------------------
1002  |Info:    |               Start device detection               |
1002  |Info:    ------------------------------------------------------
1002  |Info:    Initializing HID interfaces: Success
1008  |Info:    ------------------------------------------------------
1008  |Info:    |             Detecting I2C interfaces               |
1008  |Info:    ------------------------------------------------------
1008  |Info:    Registering I2C interface: /dev/i2c-3 Device 1002:1681 Subsystem: 1043:14C3
1008  |Info:    Registering I2C interface: /dev/i2c-10 Device 1002:1681 Subsystem: 1043:14C3
1008  |Warning: [i2c_smbus_linux] Failed to read i2c device PCI device ID
1008  |Info:    Registering I2C interface: /dev/i2c-19 Device 0000:0000 Subsystem: 0000:0000
1008  |Info:    Registering I2C interface: /dev/i2c-PS883018:00 Device 0000:0000 Subsystem: 0000:0000
1008  |Warning: [i2c_smbus_linux] Failed to read i2c device PCI device ID
1008  |Info:    Registering I2C interface: /dev/i2c-17 Device 0000:0000 Subsystem: 0000:0000
1008  |Info:    Registering I2C interface: /dev/i2c-25 Device 10DE:28E1 Subsystem: 1043:14C3
1008  |Info:    Registering I2C interface: /dev/i2c-ASUF1204:00 Device 0000:0000 Subsystem: 0000:0000
1009  |Info:    Registering I2C interface: /dev/i2c-23 Device 1022:790B Subsystem: 1043:14C3
1009  |Info:    Registering I2C interface: /dev/i2c-4 Device 1002:1681 Subsystem: 1043:14C3
1009  |Info:    Registering I2C interface: /dev/i2c-11 Device 1002:1681 Subsystem: 1043:14C3
1009  |Info:    Registering I2C interface: /dev/i2c-PS883011:00 Device 0000:0000 Subsystem: 0000:0000
1009  |Info:    Registering I2C interface: /dev/i2c-0 Device 0000:0000 Subsystem: 0000:0000
1009  |Warning: [i2c_smbus_linux] Failed to read i2c device PCI device ID
1009  |Info:    Registering I2C interface: /dev/i2c-18 Device 0000:0000 Subsystem: 0000:0000
1009  |Info:    Registering I2C interface: /dev/i2c-26 Device 10DE:28E1 Subsystem: 1043:14C3
1009  |Info:    Registering I2C interface: /dev/i2c-7 Device 1002:1681 Subsystem: 1043:14C3
1009  |Info:    Registering I2C interface: /dev/i2c-24 Device 10DE:28E1 Subsystem: 1043:14C3
1010  |Warning: [i2c_smbus_linux] Failed to read i2c device PCI device ID
1010  |Info:    Registering I2C interface: /dev/i2c-14 Device 0000:0000 Subsystem: 0000:0000
1010  |Info:    Registering I2C interface: /dev/i2c-PS88300F:00 Device 0000:0000 Subsystem: 0000:0000
1010  |Info:    Registering I2C interface: /dev/i2c-PS883008:00 Device 0000:0000 Subsystem: 0000:0000
1010  |Info:    ------------------------------------------------------
1010  |Info:    |               Detecting I2C devices                |
1010  |Info:    ------------------------------------------------------
1324  |Info:    ------------------------------------------------------
1324  |Info:    |               Detecting I2C PCI devices            |
1324  |Info:    ------------------------------------------------------
1324  |Info:    ------------------------------------------------------
1324  |Info:    |               Detecting HID devices                |
1324  |Info:    ------------------------------------------------------
1324  |Info:    ------------------------------------------------------
1324  |Info:    |            Detecting libusb HID devices            |
1324  |Info:    ------------------------------------------------------
1324  |Info:    ------------------------------------------------------
1324  |Info:    |              Detecting other devices               |
1324  |Info:    ------------------------------------------------------
